<?xml version="1.0" encoding="UTF-8"?>
<!-- Generated by org.testng.reporters.JUnitReportReporter -->
<testsuite skipped="0" hostname="DESKTOP-MAJA" name="tests.EditSettingsTest" tests="1" failures="0" timestamp="2019-12-03T20:32:31 CET" time="7.549" errors="0">
  <testcase name="editSettings" time="7.549" classname="tests.EditSettingsTest"/>
</testsuite> <!-- tests.EditSettingsTest -->
